<?xml version="1.0" encoding="UTF-8"?>
<testsuite xmlns:xsi="http://www.w3.org/2001/XMLSchema-instance" xsi:noNamespaceSchemaLocation="https://maven.apache.org/surefire/maven-surefire-plugin/xsd/surefire-test-report-3.0.xsd" version="3.0" name="TestSuite" time="28.282" tests="1" errors="0" skipped="0" failures="0">
  <properties>
[...]
</properties>
  <testcase name="runScenario[&quot;Clocking out of kekaPortal at evening&quot;, &quot;Optional[Automating the keka portal for login and logout]&quot;](1)" classname="TestRunner.TestRunner_ClockOut" time="26.908">
    <system-out><![CDATA[[TestNGContentHandler] [WARN] It is strongly recommended to add "<!DOCTYPE suite SYSTEM "https://testng.org/testng-1.0.dtd" >" at the top of your file, otherwise TestNG may fail or not work as expected.

@kekaAutomate @kekaLogout
Scenario: Clocking out of kekaPortal at evening                                              # src/test/java/Feature_File/keka.feature:12
  Given I am loging into keka portal with "surendiran.t@techouts.com" and "keka@automate123" # StepDefinitions.StepDef.i_am_loging_into_keka_portal_with_and(java.lang.String,java.lang.String)
  When I press the clock-out button in home page                                             # StepDefinitions.StepDef.i_press_the_clock_out_button_in_home_page()



-------------------------------------
YOU ARE SUCCESSFULLY LOGGED OUT TODAY
--------------------------------



  Then I should be clocked-out for the day                                                   # StepDefinitions.StepDef.i_should_be_clocked_out_for_the_day()
  Then logout from the keka portal                                                           # StepDefinitions.StepDef.logout_from_the_keka_portal()
]]></system-out>
    <system-err><![CDATA[Starting ChromeDriver 95.0.4638.69 (6a1600ed572fedecd573b6c2b90a22fe6392a410-refs/branch-heads/4638@{#984}) on port 43078
Only local connections are allowed.
Please see https://chromedriver.chromium.org/security-considerations for suggestions on keeping ChromeDriver safe.
ChromeDriver was started successfully.
Nov 14, 2021 5:11:51 PM org.openqa.selenium.remote.ProtocolHandshake createSession
INFO: Detected dialect: W3C
]]></system-err>
  </testcase>
</testsuite>