<?xml version="1.0" encoding="UTF-8"?>
<testng-results ignored="0" total="1" passed="1" failed="0" skipped="0">
  <reporter-output>
  </reporter-output>
  <suite started-at="2021-11-14T17:11:49 IST" name="Automating the keka portal" finished-at="2021-11-14T17:12:16 IST" duration-ms="27538">
    <groups>
      <group name="cucumber">
        <method signature="AbstractTestNGCucumberTests.runScenario(io.cucumber.testng.PickleWrapper, io.cucumber.testng.FeatureWrapper)[pri:0, instance:TestRunner.TestRunner_ClockOut@4387b79e]" name="runScenario" class="io.cucumber.testng.AbstractTestNGCucumberTests"/>
      </group> <!-- cucumber -->
    </groups>
    <test started-at="2021-11-14T17:11:49 IST" name="Login" finished-at="2021-11-14T17:12:16 IST" duration-ms="27538">
      <class name="TestRunner.TestRunner_ClockOut">
        <test-method is-config="true" signature="setUpClass()[pri:0, instance:TestRunner.TestRunner_ClockOut@4387b79e]" started-at="2021-11-14T17:11:49 IST" name="setUpClass" finished-at="2021-11-14T17:11:49 IST" duration-ms="589" status="PASS">
          <reporter-output>
          </reporter-output>
        </test-method> <!-- setUpClass -->
        <test-method signature="runScenario(io.cucumber.testng.PickleWrapper, io.cucumber.testng.FeatureWrapper)[pri:0, instance:TestRunner.TestRunner_ClockOut@4387b79e]" started-at="2021-11-14T17:11:49 IST" name="runScenario" description="Runs Cucumber Scenarios" data-provider="scenarios" finished-at="2021-11-14T17:12:16 IST" duration-ms="26621" status="PASS">
          <params>
            <param index="0">
              <value>
                <![CDATA["Clocking out of kekaPortal at evening"]]>
              </value>
            </param>
            <param index="1">
              <value>
                <![CDATA["Optional[Automating the keka portal for login and logout]"]]>
              </value>
            </param>
          </params>
          <reporter-output>
          </reporter-output>
        </test-method> <!-- runScenario -->
        <test-method is-config="true" signature="tearDownClass()[pri:0, instance:TestRunner.TestRunner_ClockOut@4387b79e]" started-at="2021-11-14T17:12:16 IST" name="tearDownClass" finished-at="2021-11-14T17:12:16 IST" duration-ms="281" status="PASS">
          <reporter-output>
          </reporter-output>
        </test-method> <!-- tearDownClass -->
      </class> <!-- TestRunner.TestRunner_ClockOut -->
    </test> <!-- Login -->
  </suite> <!-- Automating the keka portal -->
</testng-results>
